<?xml version="1.0" encoding="UTF-8"?>
<!-- Generated by org.testng.reporters.JUnitXMLReporter -->
<testsuite ignored="1" hostname="yuvaraj-PC" failures="0" tests="8" name="Test" time="0.106" errors="0" timestamp="27 Jun 2022 03:34:13 GMT">
  <testcase classname="org.test.G1" name="tc22" time="0.031"/>
  <testcase classname="org.test.G1" name="tc33" time="0.001"/>
  <testcase classname="org.test.G2" name="tc1" time="0.002"/>
  <testcase classname="org.test.G2" name="tc2" time="0.001"/>
  <testcase classname="org.test.G2" name="tc3" time="0.001"/>
  <testcase classname="org.test.G3" name="tc111" time="0.001"/>
  <testcase classname="org.test.G3" name="tc222" time="0.002"/>
  <testcase classname="org.test.G3" name="tc333" time="0.002"/>
  <testcase classname="org.test.G1" name="tc11" time="0.0">
    <ignored/>
  </testcase> <!-- tc11 -->
</testsuite> <!-- Test -->
